Arguments: 
  /usr/local/Cellar/node@8/8.15.1/bin/node /usr/local/Cellar/yarn/1.15.2/libexec/bin/yarn.js init

PATH: 
  /usr/local/opt/node@8/bin:/usr/local/opt/icu4c/sbin:/usr/local/opt/icu4c/bin:/usr/local/bin:/usr/bin:/bin:/usr/sbin:/sbin:/usr/local/share/dotnet:~/.dotnet/tools:/Library/Frameworks/Mono.framework/Versions/Current/Commands:/usr/local/opt/node@8/bin:/usr/local/opt/icu4c/sbin:/usr/local/opt/icu4c/bin

Yarn version: 
  1.15.2

Node version: 
  8.15.1

Platform: 
  darwin x64

Trace: 
  Error: canceled
      at Interface.<anonymous> (/usr/local/Cellar/yarn/1.15.2/libexec/lib/cli.js:125801:13)
      at emitNone (events.js:106:13)
      at Interface.emit (events.js:208:7)
      at Interface._ttyWrite (readline.js:774:16)
      at ReadStream.onkeypress (readline.js:158:10)
      at emitTwo (events.js:126:13)
      at ReadStream.emit (events.js:214:7)
      at emitKeys (internal/readline.js:420:14)
      at emitKeys.next (<anonymous>)
      at ReadStream.onData (readline.js:1010:36)

npm manifest: 
  {
    "name": "@asmy/backend",
    "version": "1.0.0",
    "main": "index.js",
    "license": "MIT",
    "devDependencies": {
      "@types/express": "^4.16.1",
      "@types/node": "^11.13.0",
      "ts-node": "^8.0.3",
      "typescript": "^3.4.1"
    },
    "dependencies": {
      "@godaddy/terminus": "^4.1.0",
      "express": "^4.16.4"
    }
  }

yarn manifest: 
  No manifest

Lockfile: 
  No lockfile
